Compiling the CXX compiler identification source file "CMakeCXXCompilerId.cpp" failed.
Compiler: /usr/bin/c++ 
Build flags: 
Id flags:  

The output was:
1
/usr/bin/ld: cannot find -lstdc++: No such file or directory
clang: error: linker command failed with exit code 1 (use -v to see invocation)


Determining if the include file pthread.h exists failed with the following output:
Change Dir: /home/furf1n/Desktop/sketch/vuz_prog/OSprogs/kurs/kursach/CMakeFiles/CMakeTmp

Run Build Command(s):/usr/bin/gmake -f Makefile cmTC_5b1c0/fast && /usr/bin/gmake  -f CMakeFiles/cmTC_5b1c0.dir/build.make CMakeFiles/cmTC_5b1c0.dir/build
gmake[1]: Entering directory '/home/furf1n/Desktop/sketch/vuz_prog/OSprogs/kurs/kursach/CMakeFiles/CMakeTmp'
Building CXX object CMakeFiles/cmTC_5b1c0.dir/CheckIncludeFile.cxx.o
/usr/bin/c++   -std=gnu++17 -MD -MT CMakeFiles/cmTC_5b1c0.dir/CheckIncludeFile.cxx.o -MF CMakeFiles/cmTC_5b1c0.dir/CheckIncludeFile.cxx.o.d -o CMakeFiles/cmTC_5b1c0.dir/CheckIncludeFile.cxx.o -c /home/furf1n/Desktop/sketch/vuz_prog/OSprogs/kurs/kursach/CMakeFiles/CMakeTmp/CheckIncludeFile.cxx
Linking CXX executable cmTC_5b1c0
/usr/bin/cmake -E cmake_link_script CMakeFiles/cmTC_5b1c0.dir/link.txt --verbose=1
/usr/bin/c++ CMakeFiles/cmTC_5b1c0.dir/CheckIncludeFile.cxx.o -o cmTC_5b1c0 
/usr/bin/ld: cannot find -lstdc++: No such file or directory
clang: error: linker command failed with exit code 1 (use -v to see invocation)
gmake[1]: *** [CMakeFiles/cmTC_5b1c0.dir/build.make:100: cmTC_5b1c0] Error 1
gmake[1]: Leaving directory '/home/furf1n/Desktop/sketch/vuz_prog/OSprogs/kurs/kursach/CMakeFiles/CMakeTmp'
gmake: *** [Makefile:127: cmTC_5b1c0/fast] Error 2



